2026-04-10 10:57:49,643 - INFO - Connected with ID: 1
2026-04-10 10:57:56,034 - INFO - Sent message: ghbdtn
2026-04-10 10:57:56,034 - INFO - Message 1_1 acknowledged
2026-04-10 10:58:03,502 - INFO - Sent message: привет
2026-04-10 10:58:03,503 - INFO - Message 1_2 acknowledged
2026-04-10 10:59:12,895 - INFO - Connected with ID: 2
2026-04-10 10:59:12,895 - INFO - System message: User 2 joined the chat
2026-04-10 10:59:15,005 - INFO - Sent message: ghbdtn
2026-04-10 10:59:15,005 - INFO - Message 2_1 acknowledged
2026-04-10 10:59:15,006 - INFO - Received message from user 2: ghbdtn
2026-04-10 10:59:25,698 - INFO - Sent message: привет
2026-04-10 10:59:25,699 - INFO - Message 2_2 acknowledged
2026-04-10 10:59:25,699 - INFO - Received message from user 2: привет
2026-04-10 11:03:54,817 - ERROR - Receive error: [WinError 10054] An existing connection was forcibly closed by the remote host
2026-04-10 11:03:54,817 - ERROR - Receive error: [WinError 10054] An existing connection was forcibly closed by the remote host
2026-04-10 11:04:58,095 - INFO - Connected with ID: 1
2026-04-10 11:05:02,739 - INFO - Sent message: привет
2026-04-10 11:05:02,739 - INFO - Message 1_1 acknowledged
2026-04-10 11:05:22,012 - ERROR - Connection error: [WinError 10061] No connection could be made because the target machine actively refused it
2026-04-10 11:05:26,392 - INFO - Sent message: fsdf
2026-04-10 11:05:26,393 - INFO - Message 1_2 acknowledged
2026-04-10 11:05:49,822 - INFO - Connected with ID: 2
2026-04-10 11:05:49,823 - INFO - System message: User 2 joined the chat
2026-04-10 11:05:54,127 - INFO - Sent message: привет
2026-04-10 11:05:54,127 - INFO - Message 2_1 acknowledged
2026-04-10 11:05:54,128 - INFO - Received message from user 2: привет
2026-04-10 11:07:22,905 - ERROR - Receive error: [WinError 10053] An established connection was aborted by the software in your host machine
2026-04-10 11:07:22,906 - INFO - Client disconnected
2026-04-10 11:07:22,906 - INFO - System message: User 1 left the chat
2026-04-10 11:07:24,174 - ERROR - Receive error: [WinError 10053] An established connection was aborted by the software in your host machine
2026-04-10 11:07:24,174 - INFO - Client disconnected
2026-04-10 11:08:54,615 - ERROR - Connection error: [WinError 10054] An existing connection was forcibly closed by the remote host
2026-04-10 11:09:09,605 - INFO - Connected with ID: 1
2026-04-10 11:09:16,416 - INFO - Connected with ID: 2
2026-04-10 11:09:16,417 - INFO - System message: User 2 joined the chat
2026-04-10 11:09:18,156 - INFO - Sent message: привет
2026-04-10 11:09:18,156 - INFO - Message 2_1 acknowledged
2026-04-10 11:09:18,157 - INFO - Received message from user 2: привет
2026-04-10 11:09:21,833 - INFO - Sent message: привет
2026-04-10 11:09:21,833 - INFO - Message 1_1 acknowledged
2026-04-10 11:09:21,834 - INFO - Received message from user 1: привет
2026-04-10 11:09:30,728 - INFO - Sent message: привет
2026-04-10 11:09:30,729 - INFO - Message 2_2 acknowledged
2026-04-10 11:09:30,730 - INFO - Received message from user 2: привет
2026-04-10 11:09:37,230 - INFO - Sent message: привет
2026-04-10 11:09:37,231 - INFO - Message 1_2 acknowledged
2026-04-10 11:09:37,232 - INFO - Received message from user 1: привет
2026-04-10 11:09:49,523 - INFO - Client disconnected
2026-04-10 11:09:49,524 - ERROR - Receive error: [WinError 10053] An established connection was aborted by the software in your host machine
2026-04-10 11:09:49,524 - INFO - System message: User 1 left the chat
2026-04-10 11:09:50,422 - INFO - Client disconnected
2026-04-10 11:09:50,423 - ERROR - Receive error: [WinError 10053] An established connection was aborted by the software in your host machine
2026-04-10 11:10:58,103 - ERROR - Connection error: [WinError 10054] An existing connection was forcibly closed by the remote host
2026-04-10 11:11:08,038 - INFO - Connected with ID: 1
2026-04-10 11:11:13,166 - INFO - Connected with ID: 2
2026-04-10 11:11:13,167 - INFO - System message: User 2 joined the chat
2026-04-10 11:11:14,782 - INFO - Sent message: ghbdtn
2026-04-10 11:11:14,782 - INFO - Message 2_1 acknowledged
2026-04-10 11:11:14,783 - INFO - Received message from user 2: ghbdtn
2026-04-10 11:11:17,375 - INFO - Sent message: ghbdtn
2026-04-10 11:11:17,376 - INFO - Message 1_1 acknowledged
2026-04-10 11:11:17,376 - INFO - Received message from user 1: ghbdtn
2026-04-10 11:12:34,552 - ERROR - Receive error: [WinError 10053] An established connection was aborted by the software in your host machine
2026-04-10 11:12:34,552 - INFO - Client disconnected
2026-04-10 11:12:34,553 - INFO - System message: User 2 left the chat
2026-04-10 11:12:35,419 - ERROR - Receive error: [WinError 10053] An established connection was aborted by the software in your host machine
2026-04-10 11:12:35,419 - INFO - Client disconnected
2026-04-10 11:18:41,655 - ERROR - Connection error: [WinError 10054] An existing connection was forcibly closed by the remote host
2026-04-10 11:19:03,076 - ERROR - Connection error: [WinError 10054] An existing connection was forcibly closed by the remote host
2026-04-10 11:19:27,061 - INFO - Connected with ID: 1
2026-04-10 11:19:33,919 - INFO - Connected with ID: 2
2026-04-10 11:19:33,920 - INFO - System message: User 2 joined the chat
2026-04-10 11:19:35,333 - INFO - Sent message: fjbb
2026-04-10 11:19:35,334 - INFO - Message 2_1 acknowledged
2026-04-10 11:19:35,334 - INFO - Received message from user 2: fjbb
2026-04-10 11:19:42,112 - INFO - Message 1_1 acknowledged
2026-04-10 11:19:42,112 - INFO - Sent message: как сам
2026-04-10 11:19:42,113 - INFO - Received message from user 1: как сам
2026-04-10 11:19:47,322 - INFO - Sent message: да пойдет
2026-04-10 11:19:47,322 - INFO - Message 2_2 acknowledged
2026-04-10 11:19:47,323 - INFO - Received message from user 2: да пойдет
2026-04-10 11:20:01,546 - INFO - Sent message: нихуя ты лют
2026-04-10 11:20:01,546 - INFO - Message 2_3 acknowledged
2026-04-10 11:20:01,547 - INFO - Received message from user 2: нихуя ты лют
2026-04-10 11:20:07,237 - INFO - Sent message: да ты тож
2026-04-10 11:20:07,237 - INFO - Message 1_2 acknowledged
2026-04-10 11:20:07,238 - INFO - Received message from user 1: да ты тож
2026-04-10 11:20:19,046 - ERROR - Receive error: [WinError 10053] An established connection was aborted by the software in your host machine
2026-04-10 11:20:19,047 - INFO - Client disconnected
2026-04-10 11:20:19,047 - INFO - System message: User 1 left the chat
2026-04-10 11:20:24,255 - INFO - Sent message: f nfr
2026-04-10 11:20:24,255 - INFO - Message 2_4 acknowledged
2026-04-10 11:22:23,742 - ERROR - Receive error: [WinError 10054] An existing connection was forcibly closed by the remote host
2026-04-10 11:22:32,955 - INFO - Client disconnected
2026-04-10 11:24:18,440 - INFO - Connected with ID: 1
2026-04-10 11:24:33,666 - INFO - Connected with ID: 2
2026-04-10 11:24:33,668 - INFO - System message: User 2 joined the chat
2026-04-10 11:24:37,828 - INFO - Sent message: как сам
2026-04-10 11:24:37,829 - INFO - Message 2_1 acknowledged
2026-04-10 11:24:37,830 - INFO - Received message from user 2: как сам
2026-04-10 11:24:43,346 - INFO - Sent message: да номарс
2026-04-10 11:24:43,346 - INFO - Message 1_1 acknowledged
2026-04-10 11:24:43,347 - INFO - Received message from user 1: да номарс
2026-04-10 11:24:50,748 - ERROR - Receive error: [WinError 10053] An established connection was aborted by the software in your host machine
2026-04-10 11:24:50,748 - INFO - Client disconnected
2026-04-10 11:24:50,749 - INFO - System message: User 2 left the chat
2026-04-10 11:25:02,511 - ERROR - Receive error: [WinError 10054] An existing connection was forcibly closed by the remote host
2026-04-10 11:25:04,622 - ERROR - Send error: [WinError 10054] An existing connection was forcibly closed by the remote host
2026-04-10 11:25:04,623 - INFO - Client disconnected
2026-04-10 11:39:18,413 - INFO - Connected with ID: 1
2026-04-10 11:39:23,495 - INFO - Sent message: ghbdtn
2026-04-10 11:39:23,495 - INFO - Message 1_1 acknowledged
2026-04-10 11:39:48,341 - INFO - Connected with ID: 2
2026-04-10 11:39:48,342 - INFO - System message: artem joined the chat
2026-04-10 11:39:57,064 - INFO - Sent message: ghbdtn
2026-04-10 11:39:57,064 - INFO - Message 1_2 acknowledged
2026-04-10 11:39:57,065 - INFO - Received message from user 1: ghbdtn
2026-04-10 11:39:59,525 - INFO - Sent message: gbbgb
2026-04-10 11:39:59,526 - INFO - Message 2_1 acknowledged
2026-04-10 11:39:59,527 - INFO - Received message from user 2: gbbgb
2026-04-10 11:40:06,657 - INFO - Sent message: как сам
2026-04-10 11:40:06,657 - INFO - Message 1_3 acknowledged
2026-04-10 11:40:06,658 - INFO - Received message from user 1: как сам
2026-04-10 11:40:15,191 - INFO - Sent message: да нормас
2026-04-10 11:40:15,191 - INFO - Message 2_2 acknowledged
2026-04-10 11:40:15,194 - INFO - Received message from user 2: да нормас
2026-04-10 11:42:12,331 - ERROR - Receive error: [WinError 10053] An established connection was aborted by the software in your host machine
2026-04-10 11:42:12,332 - INFO - Client disconnected
2026-04-10 11:42:12,333 - INFO - System message: artem left the chat
2026-04-10 11:42:13,176 - ERROR - Receive error: [WinError 10053] An established connection was aborted by the software in your host machine
2026-04-10 11:42:13,176 - INFO - Client disconnected
2026-04-10 12:02:19,991 - INFO - Connected with ID: 1
2026-04-10 12:02:35,719 - INFO - Connected with ID: 2
2026-04-10 12:02:35,720 - INFO - System message: MMLPKB joined the chat
2026-04-10 12:02:37,812 - INFO - Sent message: ghbdtn
2026-04-10 12:02:37,812 - INFO - Message 2_1 acknowledged
2026-04-10 12:02:37,813 - INFO - Received message from user 2: ghbdtn
2026-04-10 12:02:42,489 - INFO - Sent message: ghbdt
2026-04-10 12:02:42,489 - INFO - Message 1_1 acknowledged
2026-04-10 12:02:42,490 - INFO - Received message from user 1: ghbdt
2026-04-10 12:03:10,509 - ERROR - Receive error: [WinError 10054] An existing connection was forcibly closed by the remote host
2026-04-10 12:03:10,509 - ERROR - Receive error: [WinError 10054] An existing connection was forcibly closed by the remote host
2026-04-10 12:03:13,326 - INFO - Client disconnected
2026-04-10 12:03:16,767 - ERROR - Send error: [WinError 10054] An existing connection was forcibly closed by the remote host
2026-04-10 12:03:16,767 - INFO - Client disconnected
2026-04-10 12:04:12,747 - INFO - Connected with ID: 1
2026-04-10 12:04:31,023 - INFO - Connected with ID: 2
2026-04-10 12:04:31,024 - INFO - System message: RQOVIB joined the chat
2026-04-10 12:04:36,785 - INFO - Message 2_1 acknowledged
2026-04-10 12:04:36,785 - INFO - Sent message: ghbdt
2026-04-10 12:04:36,785 - INFO - Received message from user 2: ghbdt
2026-04-10 12:04:39,106 - INFO - Sent message: вав
2026-04-10 12:04:39,107 - INFO - Message 1_1 acknowledged
2026-04-10 12:04:39,108 - INFO - Received message from user 1: вав
2026-04-10 12:04:43,242 - INFO - Sent message: вава
2026-04-10 12:04:43,243 - INFO - Message 2_2 acknowledged
2026-04-10 12:04:43,244 - INFO - Received message from user 2: вава
2026-04-10 12:04:47,882 - ERROR - Receive error: [WinError 10053] An established connection was aborted by the software in your host machine
2026-04-10 12:04:47,882 - INFO - Client disconnected
2026-04-10 12:04:47,883 - INFO - System message: RQOVIB left the chat
2026-04-10 14:23:52,427 - INFO - Connected with ID: 1
2026-04-10 14:25:39,239 - INFO - Connected with ID: 2
2026-04-10 14:26:40,044 - INFO - Connected with ID: 3
2026-04-10 14:27:04,222 - INFO - System message: dfd joined the chat
2026-04-10 14:27:04,235 - INFO - Connected with ID: 4
2026-04-10 14:27:21,685 - INFO - System message: dfd left the chat
2026-04-10 14:32:03,907 - INFO - Connected with ID: 5
2026-04-10 14:32:07,293 - INFO - Sent message: ljlgkfg
2026-04-10 14:32:07,311 - INFO - Message 5_1 acknowledged
2026-04-10 14:32:09,761 - INFO - Sent message: flgkd;fg
2026-04-10 14:32:09,776 - INFO - Message 5_2 acknowledged
2026-04-10 14:32:18,395 - INFO - Sent message: fgdfgjk
2026-04-10 14:32:18,409 - INFO - Message 5_3 acknowledged
2026-04-10 14:32:44,039 - INFO - System message: aas172.24.0.1 joined the chat
2026-04-10 14:32:44,052 - INFO - Connected with ID: 6
2026-04-10 14:32:47,580 - INFO - Sent message: kjdkldfs
2026-04-10 14:32:47,587 - ERROR - Contacts update error: '5' is an invalid id; identifiers must contain only letters, numbers, underscores, or hyphens, and must not begin with a number.
2026-04-10 14:32:47,587 - INFO - Received message from user 6: kjdkldfs
2026-04-10 14:32:47,589 - INFO - Message 6_1 acknowledged
2026-04-10 14:32:56,979 - INFO - Sent message: ghgdjd
2026-04-10 14:32:56,989 - ERROR - Contacts update error: '6' is an invalid id; identifiers must contain only letters, numbers, underscores, or hyphens, and must not begin with a number.
2026-04-10 14:32:56,989 - INFO - Received message from user 5: ghgdjd
2026-04-10 14:32:56,990 - INFO - Message 5_4 acknowledged
2026-04-10 14:32:59,882 - INFO - Sent message: dfsdfkjsdfg
2026-04-10 14:32:59,895 - ERROR - Contacts update error: '5' is an invalid id; identifiers must contain only letters, numbers, underscores, or hyphens, and must not begin with a number.
2026-04-10 14:32:59,896 - INFO - Received message from user 6: dfsdfkjsdfg
2026-04-10 14:32:59,897 - INFO - Message 6_2 acknowledged
2026-04-10 14:33:05,893 - INFO - System message: dffd left the chat
