[2026-04-10T10:53:34.331714] [INFO] Остановка сервера
2026-04-10 10:53:46,339 - INFO - Server started on 10.97.240.31:5000
2026-04-10 10:57:26,377 - INFO - Server started on 172.24.0.1:5000
2026-04-10 10:57:49,643 - INFO - Client 1 connected from ('172.24.0.1', 54163)
2026-04-10 10:57:56,034 - INFO - Message from 1 acknowledged
2026-04-10 10:57:56,035 - INFO - Broadcast message from 1: ghbdtn
2026-04-10 10:58:03,502 - INFO - Message from 1 acknowledged
2026-04-10 10:58:03,503 - INFO - Broadcast message from 1: привет
2026-04-10 10:59:12,895 - INFO - Client 2 connected from ('172.24.0.1', 55195)
2026-04-10 10:59:15,005 - INFO - Message from 2 acknowledged
2026-04-10 10:59:15,006 - INFO - Broadcast message from 2: ghbdtn
2026-04-10 10:59:25,698 - INFO - Message from 2 acknowledged
2026-04-10 10:59:25,699 - INFO - Broadcast message from 2: привет
2026-04-10 11:04:39,549 - INFO - Server started on 172.24.0.1:5000
2026-04-10 11:04:58,095 - INFO - Client 1 connected from ('172.24.0.1', 53119)
2026-04-10 11:05:02,739 - INFO - Message from 1 acknowledged
2026-04-10 11:05:02,739 - INFO - Broadcast message from 1: привет
2026-04-10 11:05:26,393 - INFO - Message from 1 acknowledged
2026-04-10 11:05:26,393 - INFO - Broadcast message from 1: fsdf
2026-04-10 11:05:49,822 - INFO - Client 2 connected from ('172.24.0.1', 53393)
2026-04-10 11:05:54,127 - INFO - Message from 2 acknowledged
2026-04-10 11:05:54,128 - INFO - Broadcast message from 2: привет
2026-04-10 11:07:22,905 - ERROR - Client 1 error: [WinError 10054] An existing connection was forcibly closed by the remote host
2026-04-10 11:07:22,906 - INFO - Client 1 disconnected
2026-04-10 11:07:24,174 - ERROR - Client 2 error: [WinError 10054] An existing connection was forcibly closed by the remote host
2026-04-10 11:07:24,174 - INFO - Client 2 disconnected
2026-04-10 11:08:54,603 - INFO - Server stopped
2026-04-10 11:08:58,964 - INFO - Server started on 172.24.0.1:5000
2026-04-10 11:09:09,605 - INFO - Client 1 connected from ('172.24.0.1', 64127)
2026-04-10 11:09:16,416 - INFO - Client 2 connected from ('172.24.0.1', 64162)
2026-04-10 11:09:18,156 - INFO - Message from 2 acknowledged
2026-04-10 11:09:18,157 - INFO - Broadcast message from 2: привет
2026-04-10 11:09:21,833 - INFO - Message from 1 acknowledged
2026-04-10 11:09:21,833 - INFO - Broadcast message from 1: привет
2026-04-10 11:09:30,729 - INFO - Message from 2 acknowledged
2026-04-10 11:09:30,730 - INFO - Broadcast message from 2: привет
2026-04-10 11:09:37,231 - INFO - Message from 1 acknowledged
2026-04-10 11:09:37,231 - INFO - Broadcast message from 1: привет
2026-04-10 11:09:49,524 - ERROR - Client 1 error: [WinError 10054] An existing connection was forcibly closed by the remote host
2026-04-10 11:09:49,524 - INFO - Client 1 disconnected
2026-04-10 11:09:50,422 - ERROR - Client 2 error: [WinError 10054] An existing connection was forcibly closed by the remote host
2026-04-10 11:09:50,423 - INFO - Client 2 disconnected
2026-04-10 11:10:58,089 - INFO - Server stopped
2026-04-10 11:11:01,659 - INFO - Server started on 172.24.0.1:5000
2026-04-10 11:11:08,038 - INFO - Client 1 connected from ('172.24.0.1', 49528)
2026-04-10 11:11:13,166 - INFO - Client 2 connected from ('172.24.0.1', 49555)
2026-04-10 11:11:14,782 - INFO - Message from 2 acknowledged
2026-04-10 11:11:14,783 - INFO - Broadcast message from 2: ghbdtn
2026-04-10 11:11:17,376 - INFO - Message from 1 acknowledged
2026-04-10 11:11:17,376 - INFO - Broadcast message from 1: ghbdtn
2026-04-10 11:12:34,552 - ERROR - Client 2 error: [WinError 10054] An existing connection was forcibly closed by the remote host
2026-04-10 11:12:34,553 - INFO - Client 2 disconnected
2026-04-10 11:12:35,419 - ERROR - Client 1 error: [WinError 10054] An existing connection was forcibly closed by the remote host
2026-04-10 11:12:35,420 - INFO - Client 1 disconnected
2026-04-10 11:18:31,609 - INFO - Server started on 172.24.0.1:5000
2026-04-10 11:18:41,643 - INFO - Server stopped
2026-04-10 11:19:03,064 - INFO - Server stopped
2026-04-10 11:19:11,786 - INFO - Server started on 172.24.0.1:5000
2026-04-10 11:19:27,061 - INFO - Client 1 connected from ('172.24.0.1', 64460)
2026-04-10 11:19:33,919 - INFO - Client 2 connected from ('172.24.0.1', 64498)
2026-04-10 11:19:35,333 - INFO - Message from 2 acknowledged
2026-04-10 11:19:35,334 - INFO - Broadcast message from 2: fjbb
2026-04-10 11:19:42,111 - INFO - Message from 1 acknowledged
2026-04-10 11:19:42,113 - INFO - Broadcast message from 1: как сам
2026-04-10 11:19:47,322 - INFO - Message from 2 acknowledged
2026-04-10 11:19:47,323 - INFO - Broadcast message from 2: да пойдет
2026-04-10 11:20:01,546 - INFO - Message from 2 acknowledged
2026-04-10 11:20:01,547 - INFO - Broadcast message from 2: нихуя ты лют
2026-04-10 11:20:07,237 - INFO - Message from 1 acknowledged
2026-04-10 11:20:07,237 - INFO - Broadcast message from 1: да ты тож
2026-04-10 11:20:19,047 - ERROR - Client 1 error: [WinError 10054] An existing connection was forcibly closed by the remote host
2026-04-10 11:20:19,047 - INFO - Client 1 disconnected
2026-04-10 11:20:24,255 - INFO - Message from 2 acknowledged
2026-04-10 11:20:24,256 - INFO - Broadcast message from 2: f nfr
2026-04-10 11:24:00,961 - INFO - Server started on 172.24.0.1:5000
2026-04-10 11:24:18,440 - INFO - Client 1 connected from ('172.24.0.1', 49635)
2026-04-10 11:24:33,666 - INFO - Client 2 connected from ('172.24.0.1', 50702)
2026-04-10 11:24:37,829 - INFO - Message from 2 acknowledged
2026-04-10 11:24:37,829 - INFO - Broadcast message from 2: как сам
2026-04-10 11:24:43,346 - INFO - Message from 1 acknowledged
2026-04-10 11:24:43,347 - INFO - Broadcast message from 1: да номарс
2026-04-10 11:24:50,748 - ERROR - Client 2 error: [WinError 10054] An existing connection was forcibly closed by the remote host
2026-04-10 11:24:50,749 - INFO - Client 2 disconnected
2026-04-10 11:38:47,473 - INFO - Server started on 172.24.0.1:5000
2026-04-10 11:39:18,413 - INFO - Client 1 (WGMCMK) connected from ('172.24.0.1', 64157)
2026-04-10 11:39:23,495 - INFO - Message from 1 acknowledged
2026-04-10 11:39:23,496 - INFO - Broadcast message from 1: ghbdtn
2026-04-10 11:39:48,341 - INFO - Client 2 (artem) connected from ('172.24.0.1', 53199)
2026-04-10 11:39:57,064 - INFO - Message from 1 acknowledged
2026-04-10 11:39:57,065 - INFO - Broadcast message from 1: ghbdtn
2026-04-10 11:39:59,526 - INFO - Message from 2 acknowledged
2026-04-10 11:39:59,527 - INFO - Broadcast message from 2: gbbgb
2026-04-10 11:40:06,657 - INFO - Message from 1 acknowledged
2026-04-10 11:40:06,658 - INFO - Broadcast message from 1: как сам
2026-04-10 11:40:15,192 - INFO - Message from 2 acknowledged
2026-04-10 11:40:15,194 - INFO - Broadcast message from 2: да нормас
2026-04-10 11:42:12,332 - ERROR - Client 2 error: [WinError 10054] An existing connection was forcibly closed by the remote host
2026-04-10 11:42:12,332 - INFO - Client 2 (artem) disconnected
2026-04-10 11:42:13,176 - ERROR - Client 1 error: [WinError 10054] An existing connection was forcibly closed by the remote host
2026-04-10 11:42:13,176 - INFO - Client 1 (WGMCMK) disconnected
2026-04-10 12:02:06,702 - INFO - Server started on 172.24.0.1:5000
2026-04-10 12:02:19,991 - INFO - Client 1 (KWKOER) connected from ('172.24.0.1', 51465)
2026-04-10 12:02:35,719 - INFO - Client 2 (MMLPKB) connected from ('172.24.0.1', 64393)
2026-04-10 12:02:37,812 - INFO - Message from 2 acknowledged
2026-04-10 12:02:37,813 - INFO - Broadcast message from 2: ghbdtn
2026-04-10 12:02:42,489 - INFO - Message from 1 acknowledged
2026-04-10 12:02:42,490 - INFO - Broadcast message from 1: ghbdt
2026-04-10 14:22:10,550 - INFO - Server started on 172.24.0.1:5000
2026-04-10 14:23:51,737 - INFO - Client 1 (ва) connected from ('172.24.0.1', 57407)
2026-04-10 14:23:52,526 - ERROR - Client 1 error: [WinError 10054] An existing connection was forcibly closed by the remote host
2026-04-10 14:23:52,526 - INFO - Client 1 (ва) disconnected
2026-04-10 14:25:38,622 - INFO - Client 2 (sds) connected from ('172.24.0.1', 49996)
2026-04-10 14:25:39,431 - ERROR - Client 2 error: [WinError 10054] An existing connection was forcibly closed by the remote host
2026-04-10 14:25:39,431 - INFO - Client 2 (sds) disconnected
2026-04-10 14:26:40,023 - INFO - Client 3 (dfd) connected from ('172.24.0.1', 56639)
2026-04-10 14:27:04,212 - INFO - Client 4 (dfd) connected from ('172.24.0.1', 56725)
2026-04-10 14:27:21,681 - ERROR - Client 4 error: [WinError 10054] An existing connection was forcibly closed by the remote host
2026-04-10 14:27:21,682 - INFO - Client 4 (dfd) disconnected
2026-04-10 14:27:30,361 - ERROR - Client 3 error: [WinError 10054] An existing connection was forcibly closed by the remote host
2026-04-10 14:27:30,361 - INFO - Client 3 (dfd) disconnected
2026-04-10 14:32:03,888 - INFO - Client 5 (dffd) connected from ('172.24.0.1', 49277)
2026-04-10 14:32:07,294 - INFO - Message from 5 acknowledged
2026-04-10 14:32:07,294 - INFO - Broadcast message from 5: ljlgkfg
2026-04-10 14:32:09,761 - INFO - Message from 5 acknowledged
2026-04-10 14:32:09,762 - INFO - Broadcast message from 5: flgkd;fg
2026-04-10 14:32:18,395 - INFO - Message from 5 acknowledged
2026-04-10 14:32:18,396 - INFO - Broadcast message from 5: fgdfgjk
2026-04-10 14:32:44,027 - INFO - Client 6 (aas172.24.0.1) connected from ('172.24.0.1', 61049)
2026-04-10 14:32:47,581 - INFO - Message from 6 acknowledged
2026-04-10 14:32:47,581 - INFO - Broadcast message from 6: kjdkldfs
2026-04-10 14:32:56,979 - INFO - Message from 5 acknowledged
2026-04-10 14:32:56,979 - INFO - Broadcast message from 5: ghgdjd
2026-04-10 14:32:59,882 - INFO - Message from 6 acknowledged
2026-04-10 14:32:59,883 - INFO - Broadcast message from 6: dfsdfkjsdfg
2026-04-10 14:33:05,891 - ERROR - Client 5 error: [WinError 10054] An existing connection was forcibly closed by the remote host
2026-04-10 14:33:05,891 - INFO - Client 5 (dffd) disconnected
2026-04-10 14:33:07,400 - ERROR - Client 6 error: [WinError 10054] An existing connection was forcibly closed by the remote host
2026-04-10 14:33:07,401 - INFO - Client 6 (aas172.24.0.1) disconnected
2026-04-10 23:55:43,581 - INFO - Server started on 172.24.0.1:5000
2026-04-10 23:55:49,139 - INFO - Client 1 (MUHOBX) connected from ('172.24.0.1', 55350)
2026-04-10 23:56:41,142 - INFO - Client 2 (GYNDIA) connected from ('172.24.0.1', 55744)
2026-04-10 23:59:20,091 - ERROR - Client 1 error: [WinError 10054] An existing connection was forcibly closed by the remote host
2026-04-10 23:59:20,091 - INFO - Client 1 (MUHOBX) disconnected
2026-04-10 23:59:36,235 - INFO - Client 3 (QSERFH) connected from ('172.24.0.1', 61114)
2026-04-10 23:59:55,449 - ERROR - Client 2 error: [WinError 10054] An existing connection was forcibly closed by the remote host
2026-04-10 23:59:55,449 - INFO - Client 2 (GYNDIA) disconnected
2026-04-11 00:00:07,311 - INFO - Client 4 (RWYBTS) connected from ('172.24.0.1', 61279)
2026-04-11 00:00:36,374 - ERROR - Client 3 error: [WinError 10054] An existing connection was forcibly closed by the remote host
2026-04-11 00:00:36,376 - INFO - Client 3 (QSERFH) disconnected
2026-04-11 00:00:37,357 - ERROR - Client 4 error: [WinError 10054] An existing connection was forcibly closed by the remote host
2026-04-11 00:00:37,357 - INFO - Client 4 (RWYBTS) disconnected
2026-04-11 00:02:14,200 - INFO - Server stopped
2026-04-11 00:02:17,865 - INFO - Server started on 172.24.0.1:5000
2026-04-11 00:02:20,040 - INFO - Client 1 (VEPVNZ) connected from ('172.24.0.1', 59722)
2026-04-11 00:02:26,060 - INFO - Client 2 (LKSHQW) connected from ('172.24.0.1', 59758)
2026-04-11 00:02:56,795 - ERROR - Client 2 error: [WinError 10054] An existing connection was forcibly closed by the remote host
2026-04-11 00:02:56,796 - INFO - Client 2 (LKSHQW) disconnected
2026-04-11 00:02:58,860 - ERROR - Client 1 error: [WinError 10054] An existing connection was forcibly closed by the remote host
2026-04-11 00:02:58,861 - INFO - Client 1 (VEPVNZ) disconnected
2026-04-11 00:03:57,866 - INFO - Client 3 (PTFFQQ) connected from ('172.24.0.1', 49484)
2026-04-11 00:04:07,502 - INFO - Client 4 (XMDCBJ) connected from ('172.24.0.1', 49537)
2026-04-11 00:04:11,732 - INFO - Message from 4 acknowledged
2026-04-11 00:04:11,733 - INFO - Broadcast message from 4: пои
2026-04-11 00:04:18,333 - INFO - Message from 3 acknowledged
2026-04-11 00:04:18,334 - INFO - Broadcast message from 3: пипи
2026-04-11 00:04:25,224 - ERROR - Client 3 error: [WinError 10054] An existing connection was forcibly closed by the remote host
2026-04-11 00:04:25,225 - INFO - Client 3 (PTFFQQ) disconnected
2026-04-11 00:04:30,091 - INFO - Client 5 (ILZPGK) connected from ('172.24.0.1', 49893)
2026-04-11 00:04:33,143 - INFO - Message from 5 acknowledged
2026-04-11 00:04:33,144 - INFO - Broadcast message from 5: ыва
2026-04-11 00:04:41,111 - ERROR - Client 4 error: [WinError 10054] An existing connection was forcibly closed by the remote host
2026-04-11 00:04:41,112 - INFO - Client 4 (XMDCBJ) disconnected
2026-04-11 00:04:45,473 - INFO - Client 6 (AIIKZC) connected from ('172.24.0.1', 49977)
2026-04-11 00:04:47,379 - INFO - Message from 6 acknowledged
2026-04-11 00:04:47,379 - INFO - Broadcast message from 6: ываыва
2026-04-11 00:04:54,478 - INFO - Message from 6 acknowledged
2026-04-11 00:04:54,479 - INFO - Broadcast message from 6: ываыва
2026-04-11 00:04:57,197 - INFO - Message from 5 acknowledged
2026-04-11 00:04:57,198 - INFO - Broadcast message from 5: ываыва
2026-04-11 00:05:20,668 - ERROR - Client 6 error: [WinError 10054] An existing connection was forcibly closed by the remote host
2026-04-11 00:05:20,668 - INFO - Client 6 (AIIKZC) disconnected
2026-04-11 00:05:21,600 - ERROR - Client 5 error: [WinError 10054] An existing connection was forcibly closed by the remote host
2026-04-11 00:05:21,600 - INFO - Client 5 (ILZPGK) disconnected
2026-04-11 00:05:35,479 - INFO - Client 7 (LRVSTY) connected from ('172.24.0.1', 50500)
2026-04-11 00:05:40,792 - INFO - Client 8 (KLYWKL) connected from ('172.24.0.1', 50530)
2026-04-11 00:05:53,541 - INFO - Message from 8 acknowledged
2026-04-11 00:05:53,542 - INFO - Broadcast message from 8: ываыва
2026-04-11 00:05:56,245 - INFO - Message from 7 acknowledged
2026-04-11 00:05:56,246 - INFO - Broadcast message from 7: ываыва
2026-04-11 00:06:01,520 - INFO - Message from 8 acknowledged
2026-04-11 00:06:01,521 - INFO - Broadcast message from 8: ываыва
2026-04-11 00:06:03,457 - INFO - Message from 7 acknowledged
2026-04-11 00:06:03,458 - INFO - Broadcast message from 7: ываываы
2026-04-11 00:06:08,698 - ERROR - Client 7 error: [WinError 10054] An existing connection was forcibly closed by the remote host
2026-04-11 00:06:08,699 - INFO - Client 7 (LRVSTY) disconnected
2026-04-11 00:06:10,004 - ERROR - Client 8 error: [WinError 10054] An existing connection was forcibly closed by the remote host
2026-04-11 00:06:10,004 - INFO - Client 8 (KLYWKL) disconnected
2026-04-11 00:07:23,282 - INFO - Client 9 (NXJAUZ) connected from ('172.24.0.1', 52733)
2026-04-11 00:07:30,002 - INFO - Client 10 (LTMKRI) connected from ('172.24.0.1', 52773)
2026-04-11 00:07:32,080 - INFO - Message from 10 acknowledged
2026-04-11 00:07:32,081 - INFO - Broadcast message from 10: авпапв
2026-04-11 00:07:34,730 - INFO - Message from 9 acknowledged
2026-04-11 00:07:34,731 - INFO - Broadcast message from 9: вапвап
2026-04-11 00:07:45,664 - INFO - Message from 10 acknowledged
2026-04-11 00:07:45,664 - INFO - Broadcast message from 10: аываыва
2026-04-11 00:07:46,843 - INFO - Message from 10 acknowledged
2026-04-11 00:07:46,844 - INFO - Broadcast message from 10: ывпывпы
2026-04-11 00:07:49,177 - INFO - Message from 9 acknowledged
2026-04-11 00:07:49,177 - INFO - Broadcast message from 9: ываываыва
2026-04-11 00:07:50,498 - INFO - Message from 9 acknowledged
2026-04-11 00:07:50,499 - INFO - Broadcast message from 9: ываываываыв
2026-04-11 00:07:59,044 - ERROR - Client 9 error: [WinError 10054] An existing connection was forcibly closed by the remote host
2026-04-11 00:07:59,044 - INFO - Client 9 (NXJAUZ) disconnected
2026-04-11 00:08:00,263 - ERROR - Client 10 error: [WinError 10054] An existing connection was forcibly closed by the remote host
2026-04-11 00:08:00,263 - INFO - Client 10 (LTMKRI) disconnected
2026-04-11 00:08:44,041 - INFO - Client 11 (OXJKUY) connected from ('172.24.0.1', 53161)
2026-04-11 00:08:51,641 - INFO - Client 12 (BHOUBG) connected from ('172.24.0.1', 53203)
2026-04-11 00:08:55,502 - INFO - Message from 12 acknowledged
2026-04-11 00:08:55,502 - INFO - Broadcast message from 12: ggdgd
2026-04-11 00:08:59,796 - INFO - Message from 11 acknowledged
2026-04-11 00:08:59,796 - INFO - Broadcast message from 11: sdfsdf
2026-04-11 00:09:15,844 - INFO - Client 13 (QEJEGK) connected from ('172.24.0.1', 53331)
2026-04-11 00:09:21,609 - INFO - Message from 13 acknowledged
2026-04-11 00:09:21,609 - INFO - Broadcast message from 13: fgfg
2026-04-11 00:09:30,252 - INFO - Message from 11 acknowledged
2026-04-11 00:09:30,253 - INFO - Broadcast message from 11: sdfdsf
2026-04-11 00:09:54,405 - INFO - Message from 12 acknowledged
2026-04-11 00:09:54,406 - INFO - Broadcast message from 12: привет
2026-04-11 00:10:05,835 - INFO - Message from 11 acknowledged
2026-04-11 00:10:05,836 - INFO - Broadcast message from 11: как сам
2026-04-11 00:10:16,504 - INFO - Message from 13 acknowledged
2026-04-11 00:10:16,505 - INFO - Broadcast message from 13: привет
2026-04-11 00:10:22,848 - INFO - Message from 12 acknowledged
2026-04-11 00:10:22,848 - INFO - Broadcast message from 12: как сам
2026-04-11 00:11:28,620 - ERROR - Client 12 error: [WinError 10054] An existing connection was forcibly closed by the remote host
2026-04-11 00:11:28,621 - INFO - Client 12 (BHOUBG) disconnected
2026-04-11 00:11:30,486 - ERROR - Client 13 error: [WinError 10054] An existing connection was forcibly closed by the remote host
2026-04-11 00:11:30,487 - INFO - Client 13 (QEJEGK) disconnected
2026-04-11 00:11:32,182 - ERROR - Client 11 error: [WinError 10054] An existing connection was forcibly closed by the remote host
2026-04-11 00:11:32,182 - INFO - Client 11 (OXJKUY) disconnected
2026-04-11 00:14:05,547 - INFO - Client 14 (IKPVKN) connected from ('172.24.0.1', 50944)
2026-04-11 00:14:12,500 - INFO - Client 15 (HFYVHN) connected from ('172.24.0.1', 50982)
2026-04-11 00:14:21,597 - INFO - Message from 15 acknowledged
2026-04-11 00:14:21,598 - INFO - Broadcast message from 15: прив
2026-04-11 00:14:36,526 - INFO - Message from 14 acknowledged
2026-04-11 00:14:36,526 - INFO - Broadcast message from 14: какса
2026-04-13 15:18:12,199 - INFO - Server started on 172.27.96.1:5000
2026-04-13 15:18:53,179 - INFO - Client 1 (TestBot) connected from ('172.27.96.1', 58189)
2026-04-13 15:18:54,181 - INFO - Message from 1 acknowledged
2026-04-13 15:18:54,181 - INFO - Broadcast message from 1: Привет из тестового скрипта!
2026-04-13 15:18:55,182 - ERROR - Client 1 error: [WinError 10054] An existing connection was forcibly closed by the remote host
2026-04-13 15:18:55,183 - INFO - Client 1 (TestBot) disconnected
2026-04-13 15:27:23,493 - INFO - Server starting on 172.27.96.1:5000
2026-04-13 15:29:29,595 - INFO - Server starting on 172.27.96.1:5000
2026-04-13 15:29:29,672 - INFO - server listening on 0.0.0.0:5000
2026-04-13 15:29:56,474 - INFO - connection open
2026-04-13 15:29:56,476 - INFO - Client 1 (Client1) connected
2026-04-13 15:29:56,478 - INFO - connection open
2026-04-13 15:29:56,480 - INFO - Client 2 (Client2) connected
2026-04-13 15:29:56,481 - INFO - Message from 1 acknowledged
2026-04-13 15:29:56,481 - INFO - Broadcast message from 1: Привет от Client1!
2026-04-13 15:29:56,482 - INFO - Message from 2 acknowledged
2026-04-13 15:29:56,482 - INFO - Broadcast message from 2: Привет от Client2!
2026-04-13 15:29:56,483 - INFO - Client 1 (Client1) disconnected
2026-04-13 15:29:56,484 - INFO - Client 2 (Client2) disconnected
2026-04-13 15:30:51,342 - INFO - Server starting on 172.27.96.1:5000
2026-04-13 15:31:12,233 - INFO - Server starting on 172.27.96.1:5000
2026-04-13 15:31:33,118 - INFO - Server starting on 172.27.96.1:5000
2026-04-13 15:34:02,510 - INFO - Server starting on 172.27.96.1:5000
2026-04-13 15:34:02,548 - INFO - server listening on 0.0.0.0:5000
2026-04-13 15:34:22,588 - INFO - connection open
2026-04-13 15:34:22,589 - INFO - Client 1 (UXJNDH) connected
2026-04-13 15:34:23,219 - INFO - Client 1 connection closed
2026-04-13 15:34:23,219 - INFO - Client 1 (UXJNDH) disconnected
2026-04-13 15:38:17,419 - INFO - Server starting on 172.27.96.1:5000
2026-04-13 15:38:52,179 - INFO - connection open
2026-04-13 15:38:52,180 - INFO - Client 2 (Client1) connected
2026-04-13 15:38:52,182 - INFO - connection open
2026-04-13 15:38:52,183 - INFO - Client 3 (Client2) connected
2026-04-13 15:38:52,185 - INFO - Message from 2 acknowledged
2026-04-13 15:38:52,185 - INFO - Broadcast message from 2: Привет от Client1!
2026-04-13 15:38:52,186 - INFO - Message from 3 acknowledged
2026-04-13 15:38:52,186 - INFO - Broadcast message from 3: Привет от Client2!
2026-04-13 15:38:52,187 - INFO - Client 2 (Client1) disconnected
2026-04-13 15:38:52,188 - INFO - Client 3 (Client2) disconnected
2026-04-13 15:40:34,809 - INFO - connection open
2026-04-13 15:40:34,811 - INFO - Client 4 (SUYOMJ) connected
2026-04-13 15:40:40,074 - INFO - Message from 4 acknowledged
2026-04-13 15:40:40,075 - INFO - Broadcast message from 4: привет
2026-04-13 15:41:01,544 - INFO - connection open
2026-04-13 15:41:01,545 - INFO - Client 5 (NPBVWN) connected
2026-04-13 15:41:04,419 - INFO - Message from 5 acknowledged
2026-04-13 15:41:04,420 - INFO - Broadcast message from 5: ghbdtn
2026-04-13 15:50:29,741 - INFO - Server starting on 172.27.96.1:5000
2026-04-13 15:52:26,656 - INFO - Server starting on 172.27.96.1:5000
2026-04-13 15:53:06,608 - INFO - Server starting on 172.27.96.1:5000
2026-04-13 15:54:04,092 - INFO - Server starting on 172.27.96.1:5000
2026-04-13 15:54:04,133 - INFO - server listening on 0.0.0.0:5000
2026-04-13 15:54:35,281 - INFO - connection open
2026-04-13 15:54:35,282 - INFO - Client 1 (Alice) connected
2026-04-13 15:54:35,284 - INFO - connection open
2026-04-13 15:54:35,285 - INFO - Client 2 (Bob) connected
2026-04-13 15:54:35,286 - INFO - Message from 1 acknowledged
2026-04-13 15:54:35,287 - INFO - Broadcast message from 1: Hello everyone!
2026-04-13 15:54:35,287 - INFO - Message from 2 acknowledged
2026-04-13 15:54:35,288 - INFO - Direct message from 2 to 1: Hi Alice, private msg!
2026-04-13 15:54:35,289 - INFO - Client 1 (Alice) disconnected
2026-04-13 15:54:35,290 - INFO - Client 2 (Bob) disconnected
2026-04-13 15:55:31,568 - INFO - Server starting on 172.27.96.1:5000
2026-04-13 15:57:40,010 - INFO - Server starting on 172.27.96.1:5000
2026-04-13 15:57:40,059 - INFO - server listening on 0.0.0.0:5000
2026-04-13 15:58:17,349 - INFO - connection open
2026-04-13 15:58:17,351 - INFO - Client 1 (YRHSOB) connected
2026-04-13 15:58:29,932 - INFO - connection open
2026-04-13 15:58:29,936 - INFO - Client 2 (XYSHBM) connected
2026-04-13 15:58:33,251 - INFO - Message from 2 acknowledged
2026-04-13 15:58:33,252 - INFO - Broadcast message from 2: ghbdtn
2026-04-13 15:58:36,080 - INFO - Message from 1 acknowledged
2026-04-13 15:58:36,081 - INFO - Broadcast message from 1: gbkjlkdfs
2026-04-13 16:05:30,653 - INFO - Client 1 connection closed
2026-04-13 16:05:30,654 - INFO - Client 1 (YRHSOB) disconnected
2026-04-13 16:05:38,197 - INFO - connection open
2026-04-13 16:05:38,198 - INFO - Client 3 (FQWTXU) connected
2026-04-13 16:05:41,240 - INFO - Client 2 connection closed
2026-04-13 16:05:41,242 - INFO - Client 2 (XYSHBM) disconnected
2026-04-13 16:05:46,673 - INFO - connection open
2026-04-13 16:05:46,674 - INFO - Client 4 (MUEFFF) connected
2026-04-13 16:06:00,389 - INFO - Message from 3 acknowledged
2026-04-13 16:06:00,391 - INFO - Direct message from 3 to 4: привет
2026-04-13 16:06:07,643 - INFO - Message from 4 acknowledged
2026-04-13 16:06:07,645 - INFO - Direct message from 4 to 3: привет как сам
2026-04-13 16:06:18,256 - INFO - Message from 3 acknowledged
2026-04-13 16:06:18,257 - INFO - Direct message from 3 to 4: \да все топ
2026-04-13 16:06:23,844 - INFO - Message from 4 acknowledged
2026-04-13 16:06:23,845 - INFO - Direct message from 4 to 3: а у тьеюя
2026-04-13 16:10:25,589 - INFO - Client 3 connection closed
2026-04-13 16:10:25,590 - INFO - Client 3 (FQWTXU) disconnected
2026-04-13 16:10:34,646 - INFO - connection open
2026-04-13 16:10:34,648 - INFO - Client 5 (172.27.96.1) connected
2026-04-13 16:10:40,440 - INFO - Message from 5 acknowledged
2026-04-13 16:10:40,441 - INFO - Direct message from 5 to 4: привет
2026-04-13 16:10:49,584 - INFO - Message from 4 acknowledged
2026-04-13 16:10:49,585 - INFO - Direct message from 4 to 5: дарова
2026-04-13 16:10:54,783 - INFO - Client 4 connection closed
2026-04-13 16:10:54,784 - INFO - Client 4 (MUEFFF) disconnected
2026-04-13 16:10:57,500 - INFO - Client 5 connection closed
2026-04-13 16:10:57,502 - INFO - Client 5 (172.27.96.1) disconnected
2026-04-13 16:18:43,442 - INFO - Server starting on 172.27.96.1:5000
2026-04-13 16:18:43,484 - INFO - server listening on 0.0.0.0:5000
2026-04-13 16:18:57,650 - INFO - connection open
2026-04-13 16:18:57,652 - INFO - Client 1 (KPGWRH) connected
2026-04-13 16:19:06,314 - INFO - connection open
2026-04-13 16:19:06,316 - INFO - Client 2 (QGQTHA) connected
2026-04-13 16:19:09,369 - INFO - Message from 2 acknowledged
2026-04-13 16:19:09,370 - INFO - Broadcast message from 2: привет
2026-04-13 16:19:13,163 - INFO - Message from 1 acknowledged
2026-04-13 16:19:13,164 - INFO - Broadcast message from 1: как сам
2026-04-13 16:19:18,419 - INFO - Message from 2 acknowledged
2026-04-13 16:19:18,420 - INFO - Broadcast message from 2: да нормас
2026-04-13 16:19:25,597 - INFO - Client 1 connection closed
2026-04-13 16:19:25,598 - INFO - Client 1 (KPGWRH) disconnected
2026-04-13 16:19:26,115 - INFO - Client 2 connection closed
2026-04-13 16:19:26,116 - INFO - Client 2 (QGQTHA) disconnected
2026-04-13 16:37:46,731 - INFO - Server starting on 172.27.96.1:5000
2026-04-13 16:37:46,770 - INFO - server listening on 0.0.0.0:5000
2026-04-13 16:37:56,495 - INFO - connection open
2026-04-13 16:37:56,500 - INFO - Client 1 (Alice) connected
2026-04-13 16:37:57,014 - INFO - connection open
2026-04-13 16:37:57,017 - INFO - Client 2 (Bob) connected
2026-04-13 16:37:58,033 - INFO - Message from None acknowledged
2026-04-13 16:37:58,034 - INFO - Direct message from None to 2: [encrypted]
2026-04-13 16:37:58,051 - INFO - Client None connection closed
2026-04-13 16:37:58,052 - INFO - Client None connection closed
2026-04-13 16:41:32,648 - INFO - Server starting on 172.27.96.1:5000
2026-04-13 16:41:32,697 - INFO - server listening on 0.0.0.0:5000
2026-04-13 16:41:55,951 - INFO - connection open
2026-04-13 16:41:55,956 - INFO - Client 1 (sdfsd) connected
2026-04-13 16:42:17,424 - INFO - connection open
2026-04-13 16:42:17,426 - INFO - Client 2 (sdfsd) connected
2026-04-13 16:53:32,084 - INFO - Server starting on 172.27.96.1:5000
2026-04-13 16:53:32,158 - INFO - server listening on 0.0.0.0:5000
2026-04-13 17:00:10,859 - INFO - Server starting on 172.27.96.1:5000
2026-04-13 17:00:10,900 - INFO - server listening on 0.0.0.0:5000
2026-04-13 17:02:34,562 - INFO - Server starting on 172.27.96.1:5000
2026-04-13 17:02:34,600 - INFO - server listening on 0.0.0.0:5000
2026-04-13 19:25:52,284 - INFO - Server starting on 172.27.96.1:5000
2026-04-13 19:26:51,000 - INFO - Server starting on 172.27.96.1:5000
2026-04-13 19:26:51,038 - INFO - server listening on 0.0.0.0:5000
2026-04-13 19:27:13,462 - INFO - connection open
2026-04-13 19:27:13,471 - INFO - Client 1 (1212) connected
2026-04-13 19:27:18,536 - INFO - Message from None acknowledged
2026-04-13 19:27:18,537 - INFO - Broadcast message from None: ghbdtn
2026-04-13 19:27:35,619 - INFO - connection open
2026-04-13 19:27:35,631 - INFO - Client 2 (ewrw) connected
2026-04-13 19:27:39,667 - INFO - Message from None acknowledged
2026-04-13 19:27:39,669 - INFO - Broadcast message from None: ghbdtn
2026-04-13 19:27:49,476 - INFO - Message from None acknowledged
2026-04-13 19:27:49,477 - INFO - Direct message from None to 1: [encrypted]
2026-04-13 19:29:59,707 - INFO - Message from None acknowledged
2026-04-13 19:29:59,708 - INFO - Direct message from None to 1: [encrypted]
2026-04-13 19:30:02,601 - INFO - Message from None acknowledged
2026-04-13 19:30:02,602 - INFO - Broadcast message from None: bgbg
2026-04-13 19:30:17,724 - INFO - Client None connection closed
2026-04-13 19:30:22,730 - INFO - connection open
2026-04-13 19:30:22,735 - INFO - Client 3 (sadsd) connected
2026-04-13 19:30:22,736 - ERROR - Broadcast error to 2: no close frame received or sent
2026-04-13 19:30:22,737 - ERROR - Send participants error to 2: no close frame received or sent
2026-04-13 19:30:26,691 - INFO - Client None connection closed
2026-04-13 19:30:31,839 - INFO - connection open
2026-04-13 19:30:31,844 - INFO - Client 4 (asdasd) connected
2026-04-13 19:30:31,845 - ERROR - Broadcast error to 1: no close frame received or sent
2026-04-13 19:30:31,845 - ERROR - Broadcast error to 2: no close frame received or sent
2026-04-13 19:30:31,846 - ERROR - Send participants error to 1: no close frame received or sent
2026-04-13 19:30:31,847 - ERROR - Send participants error to 2: no close frame received or sent
2026-04-13 20:15:26,649 - INFO - Client None connection closed
2026-04-13 20:15:35,631 - INFO - connection open
2026-04-13 20:15:35,636 - INFO - Client 5 (ыфвфы) connected
2026-04-13 20:15:35,636 - ERROR - Broadcast error to 1: no close frame received or sent
2026-04-13 20:15:35,637 - ERROR - Broadcast error to 2: no close frame received or sent
2026-04-13 20:15:35,637 - ERROR - Broadcast error to 4: no close frame received or sent
2026-04-13 20:15:35,637 - ERROR - Send participants error to 1: no close frame received or sent
2026-04-13 20:15:35,638 - ERROR - Send participants error to 2: no close frame received or sent
2026-04-13 20:15:35,638 - ERROR - Send participants error to 4: no close frame received or sent
2026-04-13 20:15:42,821 - INFO - Message from None acknowledged
2026-04-13 20:15:42,822 - INFO - Client None connection closed
2026-04-13 20:15:49,436 - INFO - Client None connection closed
2026-04-13 20:16:21,637 - INFO - Server starting on 172.27.96.1:5000
2026-04-13 20:16:21,690 - INFO - server listening on 0.0.0.0:5000
2026-04-13 20:17:36,095 - INFO - connection open
2026-04-13 20:17:36,103 - INFO - Client 1 (jar) connected
2026-04-13 20:17:57,454 - INFO - connection open
2026-04-13 20:17:57,459 - INFO - Client 2 (ton) connected
2026-04-13 20:18:03,066 - INFO - Message from None acknowledged
2026-04-13 20:18:03,067 - INFO - Direct message from None to 1: [encrypted]
2026-04-13 20:18:09,463 - INFO - Client None connection closed
2026-04-13 20:24:23,511 - INFO - connection open
2026-04-13 20:24:23,517 - INFO - Client 3 (ываыв) connected
2026-04-13 20:24:23,517 - ERROR - Broadcast error to 1: no close frame received or sent
2026-04-13 20:24:23,518 - ERROR - Send participants error to 1: no close frame received or sent
2026-04-13 20:24:29,904 - INFO - Message from None acknowledged
2026-04-13 20:24:29,904 - ERROR - Broadcast error to 1: no close frame received or sent
2026-04-13 20:24:29,905 - INFO - Broadcast message from None: ываыва
2026-04-13 20:24:34,251 - INFO - Message from None acknowledged
2026-04-13 20:24:34,252 - INFO - Client None connection closed
2026-04-13 20:27:59,344 - INFO - Client None connection closed
2026-04-13 20:28:11,283 - INFO - connection open
2026-04-13 20:28:11,288 - INFO - Client 4 (ещк) connected
2026-04-13 20:28:11,289 - ERROR - Broadcast error to 1: no close frame received or sent
2026-04-13 20:28:11,289 - ERROR - Broadcast error to 2: sent 1000 (OK); then received 1000 (OK)
2026-04-13 20:28:11,289 - ERROR - Broadcast error to 3: no close frame received or sent
2026-04-13 20:28:11,289 - ERROR - Send participants error to 1: no close frame received or sent
2026-04-13 20:28:11,290 - ERROR - Send participants error to 2: sent 1000 (OK); then received 1000 (OK)
2026-04-13 20:28:11,290 - ERROR - Send participants error to 3: no close frame received or sent
2026-04-13 20:28:14,138 - INFO - Message from None acknowledged
2026-04-13 20:28:14,139 - INFO - Client None connection closed
2026-04-13 20:29:08,146 - INFO - connection open
2026-04-13 20:29:08,150 - INFO - Client 5 (qwe) connected
2026-04-13 20:29:08,151 - ERROR - Broadcast error to 1: no close frame received or sent
2026-04-13 20:29:08,151 - ERROR - Broadcast error to 2: sent 1000 (OK); then received 1000 (OK)
2026-04-13 20:29:08,151 - ERROR - Broadcast error to 3: no close frame received or sent
2026-04-13 20:29:08,152 - ERROR - Broadcast error to 4: sent 1000 (OK); then received 1000 (OK)
2026-04-13 20:29:08,152 - ERROR - Send participants error to 1: no close frame received or sent
2026-04-13 20:29:08,152 - ERROR - Send participants error to 2: sent 1000 (OK); then received 1000 (OK)
2026-04-13 20:29:08,152 - ERROR - Send participants error to 3: no close frame received or sent
2026-04-13 20:29:08,153 - ERROR - Send participants error to 4: sent 1000 (OK); then received 1000 (OK)
2026-04-13 20:29:26,693 - INFO - connection open
2026-04-13 20:29:26,698 - INFO - Client 6 (ert) connected
2026-04-13 20:29:26,699 - ERROR - Broadcast error to 1: no close frame received or sent
2026-04-13 20:29:26,699 - ERROR - Broadcast error to 2: sent 1000 (OK); then received 1000 (OK)
2026-04-13 20:29:26,699 - ERROR - Broadcast error to 3: no close frame received or sent
2026-04-13 20:29:26,700 - ERROR - Broadcast error to 4: sent 1000 (OK); then received 1000 (OK)
2026-04-13 20:29:26,700 - ERROR - Send participants error to 1: no close frame received or sent
2026-04-13 20:29:26,701 - ERROR - Send participants error to 2: sent 1000 (OK); then received 1000 (OK)
2026-04-13 20:29:26,701 - ERROR - Send participants error to 3: no close frame received or sent
2026-04-13 20:29:26,701 - ERROR - Send participants error to 4: sent 1000 (OK); then received 1000 (OK)
2026-04-13 20:29:30,719 - INFO - Message from None acknowledged
2026-04-13 20:29:30,720 - INFO - Direct message from None to 5: [encrypted]
2026-04-13 20:29:33,775 - INFO - Client None connection closed
2026-04-13 20:29:40,893 - INFO - Message from None acknowledged
2026-04-13 20:29:40,894 - ERROR - Broadcast error to 1: no close frame received or sent
2026-04-13 20:29:40,894 - ERROR - Broadcast error to 2: sent 1000 (OK); then received 1000 (OK)
2026-04-13 20:29:40,895 - ERROR - Broadcast error to 3: no close frame received or sent
2026-04-13 20:29:40,895 - ERROR - Broadcast error to 4: sent 1000 (OK); then received 1000 (OK)
2026-04-13 20:29:40,895 - ERROR - Broadcast error to 5: no close frame received or sent
2026-04-13 20:29:40,896 - INFO - Broadcast message from None: sdf
2026-04-13 20:29:46,102 - INFO - connection open
2026-04-13 20:29:46,107 - INFO - Client 7 (sdf) connected
2026-04-13 20:29:46,108 - ERROR - Broadcast error to 1: no close frame received or sent
2026-04-13 20:29:46,108 - ERROR - Broadcast error to 2: sent 1000 (OK); then received 1000 (OK)
2026-04-13 20:29:46,109 - ERROR - Broadcast error to 3: no close frame received or sent
2026-04-13 20:29:46,109 - ERROR - Broadcast error to 4: sent 1000 (OK); then received 1000 (OK)
2026-04-13 20:29:46,109 - ERROR - Broadcast error to 5: no close frame received or sent
2026-04-13 20:29:46,110 - ERROR - Send participants error to 1: no close frame received or sent
2026-04-13 20:29:46,110 - ERROR - Send participants error to 2: sent 1000 (OK); then received 1000 (OK)
2026-04-13 20:29:46,110 - ERROR - Send participants error to 3: no close frame received or sent
2026-04-13 20:29:46,111 - ERROR - Send participants error to 4: sent 1000 (OK); then received 1000 (OK)
2026-04-13 20:29:46,111 - ERROR - Send participants error to 5: no close frame received or sent
2026-04-13 20:29:49,220 - INFO - Message from None acknowledged
2026-04-13 20:29:49,221 - ERROR - Broadcast error to 1: no close frame received or sent
2026-04-13 20:29:49,221 - ERROR - Broadcast error to 2: sent 1000 (OK); then received 1000 (OK)
2026-04-13 20:29:49,221 - ERROR - Broadcast error to 3: no close frame received or sent
2026-04-13 20:29:49,222 - ERROR - Broadcast error to 4: sent 1000 (OK); then received 1000 (OK)
2026-04-13 20:29:49,222 - ERROR - Broadcast error to 5: no close frame received or sent
2026-04-13 20:29:49,223 - INFO - Broadcast message from None: sdfsdf
2026-04-13 20:30:03,031 - INFO - Message from None acknowledged
2026-04-13 20:30:03,032 - INFO - Client None connection closed
2026-04-13 21:01:40,914 - INFO - Client None connection closed
2026-04-13 21:01:51,311 - INFO - connection open
2026-04-13 21:01:51,342 - INFO - Client 8 (йцу) connected
2026-04-13 21:01:51,344 - ERROR - Broadcast error to 1: no close frame received or sent
2026-04-13 21:01:51,345 - ERROR - Broadcast error to 2: sent 1000 (OK); then received 1000 (OK)
2026-04-13 21:01:51,345 - ERROR - Broadcast error to 3: no close frame received or sent
2026-04-13 21:01:51,345 - ERROR - Broadcast error to 4: sent 1000 (OK); then received 1000 (OK)
2026-04-13 21:01:51,345 - ERROR - Broadcast error to 5: no close frame received or sent
2026-04-13 21:01:51,346 - ERROR - Broadcast error to 6: sent 1000 (OK); then received 1000 (OK)
2026-04-13 21:01:51,346 - ERROR - Broadcast error to 7: no close frame received or sent
2026-04-13 21:01:51,346 - ERROR - Send participants error to 1: no close frame received or sent
2026-04-13 21:01:51,347 - ERROR - Send participants error to 2: sent 1000 (OK); then received 1000 (OK)
2026-04-13 21:01:51,347 - ERROR - Send participants error to 3: no close frame received or sent
2026-04-13 21:01:51,347 - ERROR - Send participants error to 4: sent 1000 (OK); then received 1000 (OK)
2026-04-13 21:01:51,347 - ERROR - Send participants error to 5: no close frame received or sent
2026-04-13 21:01:51,348 - ERROR - Send participants error to 6: sent 1000 (OK); then received 1000 (OK)
2026-04-13 21:01:51,348 - ERROR - Send participants error to 7: no close frame received or sent
2026-04-13 21:01:58,456 - INFO - Message from None acknowledged
2026-04-13 21:01:58,457 - ERROR - Broadcast error to 1: no close frame received or sent
2026-04-13 21:01:58,457 - ERROR - Broadcast error to 2: sent 1000 (OK); then received 1000 (OK)
2026-04-13 21:01:58,457 - ERROR - Broadcast error to 3: no close frame received or sent
2026-04-13 21:01:58,458 - ERROR - Broadcast error to 4: sent 1000 (OK); then received 1000 (OK)
2026-04-13 21:01:58,458 - ERROR - Broadcast error to 5: no close frame received or sent
2026-04-13 21:01:58,458 - ERROR - Broadcast error to 6: sent 1000 (OK); then received 1000 (OK)
2026-04-13 21:01:58,458 - ERROR - Broadcast error to 7: no close frame received or sent
2026-04-13 21:01:58,459 - INFO - Broadcast message from None: sdfsd
2026-04-13 21:05:46,002 - INFO - Client None connection closed
2026-04-13 21:05:55,518 - INFO - connection open
2026-04-13 21:05:55,526 - INFO - Client 9 (asd) connected
2026-04-13 21:05:55,528 - ERROR - Broadcast error to 1: no close frame received or sent
2026-04-13 21:05:55,528 - ERROR - Broadcast error to 2: sent 1000 (OK); then received 1000 (OK)
2026-04-13 21:05:55,529 - ERROR - Broadcast error to 3: no close frame received or sent
2026-04-13 21:05:55,529 - ERROR - Broadcast error to 4: sent 1000 (OK); then received 1000 (OK)
2026-04-13 21:05:55,529 - ERROR - Broadcast error to 5: no close frame received or sent
2026-04-13 21:05:55,529 - ERROR - Broadcast error to 6: sent 1000 (OK); then received 1000 (OK)
2026-04-13 21:05:55,530 - ERROR - Broadcast error to 7: no close frame received or sent
2026-04-13 21:05:55,530 - ERROR - Broadcast error to 8: no close frame received or sent
2026-04-13 21:05:55,530 - ERROR - Send participants error to 1: no close frame received or sent
2026-04-13 21:05:55,531 - ERROR - Send participants error to 2: sent 1000 (OK); then received 1000 (OK)
2026-04-13 21:05:55,531 - ERROR - Send participants error to 3: no close frame received or sent
2026-04-13 21:05:55,532 - ERROR - Send participants error to 4: sent 1000 (OK); then received 1000 (OK)
2026-04-13 21:05:55,532 - ERROR - Send participants error to 5: no close frame received or sent
2026-04-13 21:05:55,533 - ERROR - Send participants error to 6: sent 1000 (OK); then received 1000 (OK)
2026-04-13 21:05:55,533 - ERROR - Send participants error to 7: no close frame received or sent
2026-04-13 21:05:55,533 - ERROR - Send participants error to 8: no close frame received or sent
2026-04-13 21:05:57,694 - INFO - Message from None acknowledged
2026-04-13 21:05:57,694 - ERROR - Broadcast error to 1: no close frame received or sent
2026-04-13 21:05:57,694 - ERROR - Broadcast error to 2: sent 1000 (OK); then received 1000 (OK)
2026-04-13 21:05:57,695 - ERROR - Broadcast error to 3: no close frame received or sent
2026-04-13 21:05:57,695 - ERROR - Broadcast error to 4: sent 1000 (OK); then received 1000 (OK)
2026-04-13 21:05:57,695 - ERROR - Broadcast error to 5: no close frame received or sent
2026-04-13 21:05:57,695 - ERROR - Broadcast error to 6: sent 1000 (OK); then received 1000 (OK)
2026-04-13 21:05:57,696 - ERROR - Broadcast error to 7: no close frame received or sent
2026-04-13 21:05:57,696 - ERROR - Broadcast error to 8: no close frame received or sent
2026-04-13 21:05:57,696 - INFO - Broadcast message from None: asdsd
2026-04-13 21:06:02,023 - INFO - Message from None acknowledged
2026-04-13 21:06:02,024 - INFO - Client None connection closed
2026-04-13 21:11:32,538 - INFO - server closing
2026-04-13 21:11:32,542 - INFO - server closed
2026-04-13 21:11:32,551 - INFO - Server stopped
2026-04-13 21:11:46,441 - INFO - Server starting on 172.27.96.1:5000
2026-04-13 21:11:46,499 - INFO - server listening on 0.0.0.0:5000
2026-04-13 21:12:03,669 - INFO - connection open
2026-04-13 21:12:03,690 - INFO - Client 1 (фыв) connected
2026-04-13 21:12:05,520 - INFO - Message from 1 acknowledged
2026-04-13 21:12:05,520 - INFO - Broadcast message from 1: фыа
2026-04-13 21:12:11,981 - INFO - connection open
2026-04-13 21:12:11,989 - INFO - Client 2 (фвыфыв) connected
2026-04-13 21:12:14,451 - INFO - Message from 2 acknowledged
2026-04-13 21:12:14,451 - INFO - Broadcast message from 2: фывыфв
2026-04-13 21:12:17,351 - INFO - Message from 1 acknowledged
2026-04-13 21:12:17,352 - INFO - Broadcast message from 1: фывфыв
2026-04-13 21:12:20,236 - INFO - Message from 2 acknowledged
2026-04-13 21:12:20,236 - INFO - Broadcast message from 2: фывыфв
2026-04-13 21:12:24,675 - INFO - Message from 2 acknowledged
2026-04-13 21:12:24,676 - INFO - Direct message from 2 to 1: [encrypted]
2026-04-13 21:12:29,517 - INFO - Message from 1 acknowledged
2026-04-13 21:12:29,517 - INFO - Broadcast message from 1: фыв\
2026-04-13 21:12:38,014 - INFO - Message from 2 acknowledged
2026-04-13 21:12:38,015 - INFO - Direct message from 2 to 1: [encrypted]
2026-04-13 21:18:02,151 - INFO - server closing
2026-04-13 21:18:02,154 - INFO - Client 2 (фвыфыв) disconnected
2026-04-13 21:18:02,159 - ERROR - Broadcast error to 2: sent 1001 (going away); then received 1001 (going away)
2026-04-13 21:18:02,166 - INFO - Client 1 (фыв) disconnected
2026-04-13 21:18:02,167 - INFO - server closed
2026-04-13 21:18:02,168 - INFO - Server stopped
2026-04-13 21:18:03,769 - INFO - Server starting on 172.27.96.1:5000
2026-04-13 21:18:03,844 - INFO - server listening on 0.0.0.0:5000
2026-04-13 21:18:23,552 - INFO - connection open
2026-04-13 21:18:23,558 - INFO - Client 1 (фыв) connected
2026-04-13 21:18:25,413 - INFO - Message from 1 acknowledged
2026-04-13 21:18:25,414 - INFO - Broadcast message from 1: фыв
2026-04-13 21:18:33,108 - INFO - connection open
2026-04-13 21:18:33,115 - INFO - Client 2 (ячс) connected
2026-04-13 21:18:34,500 - INFO - Message from 2 acknowledged
2026-04-13 21:18:34,500 - INFO - Broadcast message from 2: фыв
2026-04-13 21:18:40,439 - INFO - Message from 1 acknowledged
2026-04-13 21:18:40,440 - INFO - Broadcast message from 1: фыв
2026-04-13 21:18:43,042 - INFO - Message from 1 acknowledged
2026-04-13 21:18:43,043 - INFO - Broadcast message from 1: фвфывфывфыв
2026-04-13 21:18:50,387 - INFO - Message from 2 acknowledged
2026-04-13 21:18:50,388 - INFO - Broadcast message from 2: фывфывфыв
2026-04-13 21:19:30,088 - INFO - Message from 1 acknowledged
2026-04-13 21:19:30,089 - INFO - Direct message from 1 to 2: [encrypted]
2026-04-13 21:19:34,375 - INFO - Message from 2 acknowledged
2026-04-13 21:19:34,376 - INFO - Direct message from 2 to 1: [encrypted]
2026-04-13 21:19:37,358 - INFO - Message from 1 acknowledged
2026-04-13 21:19:37,358 - INFO - Direct message from 1 to 2: [encrypted]
2026-04-13 21:19:40,538 - INFO - Message from 2 acknowledged
2026-04-13 21:19:40,539 - INFO - Direct message from 2 to 1: [encrypted]
2026-04-13 21:22:23,160 - INFO - Client 1 connection closed
2026-04-13 21:22:23,161 - INFO - Client 1 (фыв) disconnected
2026-04-13 21:22:30,056 - INFO - connection open
2026-04-13 21:22:30,062 - INFO - Client 3 (фыв) connected
2026-04-13 21:22:31,201 - INFO - Message from 3 acknowledged
2026-04-13 21:22:31,202 - INFO - Broadcast message from 3: фыв
2026-04-13 21:22:32,034 - INFO - Message from 3 acknowledged
2026-04-13 21:22:32,035 - INFO - Broadcast message from 3: фыв
2026-04-13 21:22:38,650 - INFO - Message from 2 acknowledged
2026-04-13 21:22:38,651 - INFO - Broadcast message from 2: фыв
2026-04-13 21:22:40,963 - INFO - Message from 2 acknowledged
2026-04-13 21:22:40,963 - INFO - Broadcast message from 2: фыв
2026-04-13 21:22:44,170 - INFO - Message from 3 acknowledged
2026-04-13 21:22:44,170 - INFO - Broadcast message from 3: фывфыв
2026-04-13 21:22:59,586 - INFO - Message from 3 acknowledged
2026-04-13 21:22:59,587 - INFO - Direct message from 3 to 2: [encrypted]
2026-04-13 21:23:04,017 - INFO - Message from 2 acknowledged
2026-04-13 21:23:04,018 - INFO - Direct message from 2 to 3: [encrypted]
2026-04-13 21:23:07,029 - INFO - Message from 2 acknowledged
2026-04-13 21:23:07,030 - INFO - Direct message from 2 to 3: [encrypted]
2026-04-13 21:23:13,253 - INFO - Message from 2 acknowledged
2026-04-13 21:23:13,254 - INFO - Direct message from 2 to 3: [encrypted]
2026-04-13 21:23:17,945 - INFO - Message from 3 acknowledged
2026-04-13 21:23:17,945 - INFO - Direct message from 3 to 2: [encrypted]
2026-04-13 21:38:27,525 - INFO - Server starting on 172.27.96.1:5000
2026-04-13 21:39:29,915 - INFO - connection open
2026-04-13 21:39:29,922 - INFO - Client 4 (Alice) connected
2026-04-13 21:39:31,016 - INFO - connection open
2026-04-13 21:39:31,018 - INFO - Client 5 (Bob) connected
2026-04-13 21:39:34,552 - INFO - Client 4 connection closed
2026-04-13 21:39:35,036 - INFO - Client 5 connection closed
2026-04-13 21:39:35,303 - INFO - Client 5 (Bob) disconnected
2026-04-13 21:39:35,403 - ERROR - Broadcast error to 5: no close frame received or sent
2026-04-13 21:39:35,442 - INFO - Client 4 (Alice) disconnected
2026-04-13 21:47:22,255 - INFO - server closing
2026-04-13 21:47:22,264 - INFO - Client 2 (ячс) disconnected
2026-04-13 21:47:22,264 - ERROR - Broadcast error to 2: sent 1001 (going away); then received 1001 (going away)
2026-04-13 21:47:22,265 - INFO - Client 3 (фыв) disconnected
2026-04-13 21:47:22,265 - INFO - server closed
2026-04-13 21:47:22,276 - INFO - Server stopped
2026-04-13 21:47:23,849 - INFO - Server starting on 172.27.96.1:5000
2026-04-13 21:47:23,945 - INFO - server listening on 0.0.0.0:5000
2026-04-13 21:47:36,197 - INFO - connection open
2026-04-13 21:47:36,204 - INFO - Client 1 (фыв) connected
2026-04-13 21:47:37,501 - INFO - Client 1 connection closed
2026-04-13 21:47:37,501 - INFO - Client 1 (фыв) disconnected
2026-04-13 21:50:43,528 - INFO - connection open
2026-04-13 21:50:43,559 - INFO - Client 2 (asd) connected
2026-04-13 21:50:47,320 - INFO - Message from 2 acknowledged
2026-04-13 21:50:47,321 - INFO - Broadcast message from 2: ghbdtn
2026-04-13 21:51:08,214 - INFO - connection open
2026-04-13 21:51:08,221 - INFO - Client 3 (;jlkhgl;jg) connected
2026-04-13 21:51:10,953 - INFO - Message from 3 acknowledged
2026-04-13 21:51:10,953 - INFO - Broadcast message from 3: ghbdtn
2026-04-13 21:51:18,722 - INFO - Message from 2 acknowledged
2026-04-13 21:51:18,723 - INFO - Broadcast message from 2: че как
2026-04-13 21:51:22,658 - INFO - Message from 3 acknowledged
2026-04-13 21:51:22,659 - INFO - Broadcast message from 3: да нормас
2026-04-13 21:51:27,816 - INFO - Message from 2 acknowledged
2026-04-13 21:51:27,816 - INFO - Direct message from 2 to 3: [encrypted]
2026-04-13 21:51:32,481 - INFO - Message from 3 acknowledged
2026-04-13 21:51:32,482 - INFO - Direct message from 3 to 2: [encrypted]
2026-04-13 21:51:58,376 - INFO - Message from 2 acknowledged
2026-04-13 21:51:58,377 - INFO - Broadcast message from 2: sdfdsfs
2026-04-13 21:52:05,019 - INFO - Message from 2 acknowledged
2026-04-13 21:52:05,019 - INFO - Broadcast message from 2: /me dfsdf
2026-04-13 21:52:25,297 - INFO - Message from 2 acknowledged
2026-04-13 21:52:25,298 - INFO - Direct message from 2 to 3: [encrypted]
2026-04-13 21:52:49,706 - INFO - Client 3 connection closed
2026-04-13 21:52:49,707 - INFO - Client 3 (;jlkhgl;jg) disconnected
2026-04-13 21:53:08,279 - INFO - connection open
2026-04-13 21:53:08,286 - INFO - Client 4 (asd) connected
2026-04-13 21:55:12,906 - INFO - Client 2 connection closed
2026-04-13 21:55:12,907 - INFO - Client 2 (asd) disconnected
2026-04-13 21:55:20,798 - INFO - connection open
2026-04-13 21:55:20,808 - INFO - Client 5 (asdas) connected
2026-04-13 21:55:29,501 - INFO - Client 5 connection closed
2026-04-13 21:55:29,502 - INFO - Client 5 (asdas) disconnected
2026-04-13 21:55:37,740 - INFO - connection open
2026-04-13 21:55:37,748 - INFO - Client 6 (asd) connected
2026-04-13 21:55:40,566 - INFO - Client 6 connection closed
2026-04-13 21:55:40,567 - INFO - Client 6 (asd) disconnected
2026-04-13 21:57:28,780 - INFO - connection open
2026-04-13 21:57:28,788 - INFO - Client 7 (фыв) connected
2026-04-13 21:57:45,421 - INFO - Client 4 connection closed
2026-04-13 21:57:45,421 - INFO - Client 4 (asd) disconnected
2026-04-13 21:57:57,646 - INFO - connection open
2026-04-13 21:57:57,652 - INFO - Client 8 (asd) connected
2026-04-14 08:10:16,453 - INFO - Client 7 connection closed
2026-04-14 08:10:16,458 - INFO - Client 7 (фыв) disconnected
2026-04-14 08:10:25,343 - INFO - connection open
2026-04-14 08:10:25,352 - INFO - Client 9 (фыв) connected
2026-04-14 09:00:21,783 - INFO - Client 9 connection closed
2026-04-14 09:00:21,785 - INFO - Client 9 (фыв) disconnected
2026-04-14 09:00:30,043 - INFO - connection open
2026-04-14 09:00:30,051 - INFO - Client 10 (sdf) connected
2026-04-14 09:06:34,219 - INFO - Message from 10 acknowledged
2026-04-14 09:06:34,222 - INFO - Direct message from 10 to 8: [encrypted]
2026-04-14 09:06:50,491 - INFO - Message from 10 acknowledged
2026-04-14 09:06:50,492 - INFO - Broadcast message from 10: как сам
2026-04-14 09:10:09,924 - INFO - Client 10 connection closed
2026-04-14 09:10:09,925 - INFO - Client 10 (sdf) disconnected
2026-04-14 09:10:17,031 - INFO - connection open
2026-04-14 09:10:17,036 - INFO - Client 11 (ыв) connected
2026-04-14 09:10:19,063 - INFO - Message from 11 acknowledged
2026-04-14 09:10:19,064 - INFO - Broadcast message from 11: вававыа
2026-04-14 09:10:21,635 - INFO - Message from 11 acknowledged
2026-04-14 09:10:21,635 - INFO - Direct message from 11 to 8: [encrypted]
2026-04-14 09:10:34,644 - INFO - Message from 11 acknowledged
2026-04-14 09:10:34,646 - INFO - Broadcast message from 11: fdfsdf
2026-04-14 09:14:18,618 - INFO - Client 11 connection closed
2026-04-14 09:14:18,620 - INFO - Client 11 (ыв) disconnected
2026-04-14 09:14:27,028 - INFO - connection open
2026-04-14 09:14:27,033 - INFO - Client 12 (sdf) connected
2026-04-14 09:18:52,443 - INFO - Client 12 connection closed
2026-04-14 09:18:52,444 - INFO - Client 12 (sdf) disconnected
2026-04-14 09:19:00,308 - INFO - connection open
2026-04-14 09:19:00,326 - INFO - Client 13 (ыва) connected
2026-04-14 09:45:07,381 - INFO - Client 13 connection closed
2026-04-14 09:45:07,382 - INFO - Client 13 (ыва) disconnected
2026-04-14 09:45:14,276 - INFO - connection open
2026-04-14 09:45:14,281 - INFO - Client 14 (ваы) connected
2026-04-14 09:45:19,432 - INFO - Message from 14 acknowledged
2026-04-14 09:45:19,433 - INFO - Broadcast message from 14: /
2026-04-14 09:45:26,088 - INFO - Message from 14 acknowledged
2026-04-14 09:45:26,090 - INFO - Broadcast message from 14: * банан
2026-04-14 10:00:35,466 - INFO - Client 14 connection closed
2026-04-14 10:00:35,466 - INFO - Client 14 (ваы) disconnected
2026-04-14 10:00:43,464 - INFO - connection open
2026-04-14 10:00:43,468 - INFO - Client 15 (sdf) connected
2026-04-14 10:00:51,645 - INFO - Message from 15 acknowledged
2026-04-14 10:00:51,646 - INFO - Broadcast message from 15: * есть банан
2026-04-14 10:01:17,325 - INFO - Message from 15 acknowledged
2026-04-14 10:01:17,326 - INFO - Broadcast message from 15: * есть банна
2026-04-14 10:02:43,241 - INFO - Message from 15 acknowledged
2026-04-14 10:02:43,242 - INFO - Broadcast message from 15: /
2026-04-14 10:02:48,219 - INFO - Message from 15 acknowledged
2026-04-14 10:02:48,220 - INFO - Broadcast message from 15: /
2026-04-14 10:03:44,727 - INFO - Message from 15 acknowledged
2026-04-14 10:03:44,728 - INFO - Broadcast message from 15: /
2026-04-14 10:03:46,854 - INFO - Message from 15 acknowledged
2026-04-14 10:03:46,855 - INFO - Broadcast message from 15: /
2026-04-14 10:07:28,380 - INFO - Client 15 connection closed
2026-04-14 10:07:28,381 - INFO - Client 15 (sdf) disconnected
2026-04-14 10:07:36,827 - INFO - connection open
2026-04-14 10:07:36,832 - INFO - Client 16 (фыв) connected
2026-04-14 10:07:41,386 - INFO - Message from 16 acknowledged
2026-04-14 10:07:41,387 - INFO - Broadcast message from 16: фывыфв
2026-04-14 10:07:44,079 - INFO - Message from 16 acknowledged
2026-04-14 10:07:44,080 - INFO - Direct message from 16 to 8: [encrypted]
2026-04-14 10:07:51,388 - INFO - Message from 8 acknowledged
2026-04-14 10:07:51,389 - INFO - Broadcast message from 8: фывфыв
2026-04-14 10:07:55,601 - INFO - Message from 16 acknowledged
2026-04-14 10:07:55,603 - INFO - Direct message from 16 to 8: [encrypted]
2026-04-14 10:07:59,275 - INFO - Message from 8 acknowledged
2026-04-14 10:07:59,276 - INFO - Direct message from 8 to 16: [encrypted]
2026-04-14 10:08:01,908 - INFO - Message from 16 acknowledged
2026-04-14 10:08:01,908 - INFO - Direct message from 16 to 8: [encrypted]
2026-04-14 10:08:10,638 - INFO - Message from 16 acknowledged
2026-04-14 10:08:10,640 - INFO - Direct message from 16 to 8: [encrypted]
2026-04-14 10:11:45,946 - INFO - Client 16 connection closed
2026-04-14 10:11:45,947 - INFO - Client 16 (фыв) disconnected
2026-04-14 10:11:52,722 - INFO - connection open
2026-04-14 10:11:52,746 - INFO - Client 17 (sdf) connected
2026-04-14 10:30:28,262 - INFO - connection open
2026-04-14 10:30:28,265 - INFO - Client 18 (Alice) connected
2026-04-14 10:30:29,276 - INFO - connection open
2026-04-14 10:30:29,278 - INFO - Client 19 (Bob) connected
2026-04-14 10:30:32,405 - INFO - Client 18 connection closed
2026-04-14 10:30:32,408 - INFO - Client 19 connection closed
2026-04-14 10:30:32,409 - INFO - Client 19 (Bob) disconnected
2026-04-14 10:30:32,411 - ERROR - Broadcast error to 19: no close frame received or sent
2026-04-14 10:30:32,412 - INFO - Client 18 (Alice) disconnected
2026-04-14 10:30:45,673 - INFO - Client 17 connection closed
2026-04-14 10:30:45,674 - INFO - Client 17 (sdf) disconnected
2026-04-14 10:30:55,356 - INFO - connection open
2026-04-14 10:30:55,362 - INFO - Client 20 (ыв) connected
2026-04-14 10:55:44,389 - INFO - Client 20 connection closed
2026-04-14 10:55:44,393 - INFO - Client 20 (ыв) disconnected
2026-04-14 10:58:06,507 - INFO - connection open
2026-04-14 10:58:06,546 - INFO - Client 21 (172.27.96.1sdf) connected
2026-04-14 11:05:40,582 - INFO - Client 21 connection closed
2026-04-14 11:05:40,586 - INFO - Client 21 (172.27.96.1sdf) disconnected
2026-04-14 11:05:50,246 - INFO - connection open
2026-04-14 11:05:50,276 - INFO - Client 22 (ываыва) connected
2026-04-14 11:10:53,750 - INFO - Client 22 connection closed
2026-04-14 11:10:53,754 - INFO - Client 22 (ываыва) disconnected
2026-04-14 11:11:00,162 - INFO - connection open
2026-04-14 11:11:00,170 - INFO - Client 23 (sdf) connected
2026-04-14 11:14:48,416 - INFO - Client 23 connection closed
2026-04-14 11:14:48,417 - INFO - Client 23 (sdf) disconnected
2026-04-14 11:15:02,145 - INFO - connection open
2026-04-14 11:15:02,149 - INFO - Client 24 (фыв) connected
2026-04-14 11:45:12,497 - INFO - Client 24 connection closed
2026-04-14 11:45:12,498 - INFO - Client 24 (фыв) disconnected
2026-04-14 11:45:21,811 - INFO - connection open
2026-04-14 11:45:21,816 - INFO - Client 25 (172.27.96.1) connected
2026-04-14 11:45:24,624 - INFO - Message from 25 acknowledged
2026-04-14 11:45:24,624 - INFO - Broadcast message from 25: asdasd
2026-04-14 11:45:28,821 - INFO - Message from 25 acknowledged
2026-04-14 11:45:28,822 - INFO - Direct message from 25 to 8: [encrypted]
2026-04-14 11:45:37,241 - INFO - Message from 25 acknowledged
2026-04-14 11:45:37,241 - INFO - Direct message from 25 to 8: [encrypted]
2026-04-14 11:45:41,740 - INFO - Message from 25 acknowledged
2026-04-14 11:45:41,740 - INFO - Direct message from 25 to 8: [encrypted]
2026-04-14 11:48:58,395 - INFO - Client 25 connection closed
2026-04-14 11:48:58,396 - INFO - Client 25 (172.27.96.1) disconnected
2026-04-14 11:49:05,091 - INFO - connection open
2026-04-14 11:49:05,097 - INFO - Client 26 (172.27.96.1) connected
2026-04-14 11:50:38,819 - INFO - Client 26 connection closed
2026-04-14 11:50:38,820 - INFO - Client 26 (172.27.96.1) disconnected
2026-04-14 11:50:45,776 - INFO - connection open
2026-04-14 11:50:45,783 - INFO - Client 27 (sd) connected
2026-04-14 11:56:45,436 - INFO - Client 27 connection closed
2026-04-14 11:56:45,438 - INFO - Client 27 (sd) disconnected
2026-04-14 11:56:53,383 - INFO - connection open
2026-04-14 11:56:53,428 - INFO - Client 28 (172.27.96.1) connected
2026-04-14 11:57:00,364 - INFO - Message from 28 acknowledged
2026-04-14 11:57:00,365 - INFO - Broadcast message from 28: sda
2026-04-14 11:57:02,351 - INFO - Message from 28 acknowledged
2026-04-14 11:57:02,363 - INFO - Broadcast message from 28: asdasd
2026-04-14 11:57:18,885 - INFO - Message from 28 acknowledged
2026-04-14 11:57:18,888 - INFO - Broadcast message from 28: sdssssssssssssssssssssssssssssssssssssssssssssssss
2026-04-14 12:14:22,259 - INFO - Client 28 connection closed
2026-04-14 12:14:22,260 - INFO - Client 28 (172.27.96.1) disconnected
2026-04-14 12:14:34,194 - INFO - connection open
2026-04-14 12:14:34,199 - INFO - Client 29 (172.27.96.1) connected
2026-04-14 12:14:40,430 - INFO - Client 29 (172.27.96.1) disconnected
2026-04-14 12:48:05,455 - INFO - connection open
2026-04-14 12:48:05,461 - INFO - Client 30 (ффыв) connected
2026-04-14 12:49:16,580 - INFO - Client 30 (ффыв) disconnected
2026-04-14 13:44:39,191 - INFO - connection open
2026-04-14 13:44:39,218 - INFO - Client 31 (172.27.96.1) connected
2026-04-14 13:44:59,787 - INFO - Message from 31 acknowledged
2026-04-14 13:44:59,789 - INFO - Broadcast message from 31: ghbdtn
2026-04-14 13:45:03,562 - INFO - Message from 31 acknowledged
2026-04-14 13:45:03,564 - INFO - Broadcast message from 31: gggggggggggggggggggggggggggggggggggggggggggggggggg
2026-04-14 13:56:19,973 - INFO - Client 31 (172.27.96.1) disconnected
2026-04-14 14:00:10,246 - INFO - Client 8 connection closed
2026-04-14 14:00:10,247 - INFO - Client 8 (asd) disconnected
2026-04-14 14:10:13,643 - INFO - connection open
2026-04-14 14:10:13,646 - INFO - Client 32 (фыв) connected
2026-04-14 14:10:17,324 - INFO - Message from 32 acknowledged
2026-04-14 14:10:17,325 - INFO - Broadcast message from 32: привет
2026-04-14 14:10:24,673 - INFO - connection open
2026-04-14 14:10:24,679 - INFO - Client 33 (172.27.96.1) connected
2026-04-14 14:10:27,478 - INFO - Message from 33 acknowledged
2026-04-14 14:10:27,479 - INFO - Broadcast message from 33: ывпыв
2026-04-14 14:22:30,683 - INFO - Server starting on 10.97.240.22:5000
2026-04-14 14:23:05,655 - INFO - Server starting on 10.97.240.22:5000
2026-04-14 14:23:05,681 - INFO - server listening on 0.0.0.0:5000
